[debug] [2026-03-02T08:18:39.342Z] ----------------------------------------------------------------------
[debug] [2026-03-02T08:18:39.343Z] Command:       /Users/dimab/.nvm/versions/node/v20.19.6/bin/node /Users/dimab/.nvm/versions/node/v20.19.6/bin/firebase deploy --only functions
[debug] [2026-03-02T08:18:39.343Z] CLI Version:   14.27.0
[debug] [2026-03-02T08:18:39.343Z] Platform:      darwin
[debug] [2026-03-02T08:18:39.344Z] Node Version:  v20.19.6
[debug] [2026-03-02T08:18:39.344Z] Time:          Mon Mar 02 2026 10:18:39 GMT+0200 (Israel Standard Time)
[debug] [2026-03-02T08:18:39.344Z] ----------------------------------------------------------------------
[debug] 
[debug] [2026-03-02T08:18:39.441Z] > command requires scopes: ["email","openid","https://www.googleapis.com/auth/cloudplatformprojects.readonly","https://www.googleapis.com/auth/firebase","https://www.googleapis.com/auth/cloud-platform"]
[debug] [2026-03-02T08:18:39.442Z] > authorizing via signed-in user (mityabv@gmail.com)
[debug] [2026-03-02T08:18:39.442Z] [iam] checking project oneiro-11d15 for permissions ["cloudfunctions.functions.create","cloudfunctions.functions.delete","cloudfunctions.functions.get","cloudfunctions.functions.list","cloudfunctions.functions.update","cloudfunctions.operations.get","firebase.projects.get"]
[debug] [2026-03-02T08:18:39.442Z] Checked if tokens are valid: true, expires at: 1772441764993
[debug] [2026-03-02T08:18:39.442Z] Checked if tokens are valid: true, expires at: 1772441764993
[debug] [2026-03-02T08:18:39.443Z] >>> [apiv2][query] POST https://cloudresourcemanager.googleapis.com/v1/projects/oneiro-11d15:testIamPermissions [none]
[debug] [2026-03-02T08:18:39.443Z] >>> [apiv2][(partial)header] POST https://cloudresourcemanager.googleapis.com/v1/projects/oneiro-11d15:testIamPermissions x-goog-quota-user=projects/oneiro-11d15
[debug] [2026-03-02T08:18:39.443Z] >>> [apiv2][body] POST https://cloudresourcemanager.googleapis.com/v1/projects/oneiro-11d15:testIamPermissions {"permissions":["cloudfunctions.functions.create","cloudfunctions.functions.delete","cloudfunctions.functions.get","cloudfunctions.functions.list","cloudfunctions.functions.update","cloudfunctions.operations.get","firebase.projects.get"]}
[debug] [2026-03-02T08:18:40.513Z] <<< [apiv2][status] POST https://cloudresourcemanager.googleapis.com/v1/projects/oneiro-11d15:testIamPermissions 200
[debug] [2026-03-02T08:18:40.514Z] <<< [apiv2][body] POST https://cloudresourcemanager.googleapis.com/v1/projects/oneiro-11d15:testIamPermissions {"permissions":["cloudfunctions.functions.create","cloudfunctions.functions.delete","cloudfunctions.functions.get","cloudfunctions.functions.list","cloudfunctions.functions.update","cloudfunctions.operations.get","firebase.projects.get"]}
[debug] [2026-03-02T08:18:40.514Z] Checked if tokens are valid: true, expires at: 1772441764993
[debug] [2026-03-02T08:18:40.514Z] Checked if tokens are valid: true, expires at: 1772441764993
[debug] [2026-03-02T08:18:40.515Z] >>> [apiv2][query] POST https://iam.googleapis.com/v1/projects/oneiro-11d15/serviceAccounts/oneiro-11d15@appspot.gserviceaccount.com:testIamPermissions [none]
[debug] [2026-03-02T08:18:40.515Z] >>> [apiv2][body] POST https://iam.googleapis.com/v1/projects/oneiro-11d15/serviceAccounts/oneiro-11d15@appspot.gserviceaccount.com:testIamPermissions {"permissions":["iam.serviceAccounts.actAs"]}
[debug] [2026-03-02T08:18:41.467Z] <<< [apiv2][status] POST https://iam.googleapis.com/v1/projects/oneiro-11d15/serviceAccounts/oneiro-11d15@appspot.gserviceaccount.com:testIamPermissions 200
[debug] [2026-03-02T08:18:41.467Z] <<< [apiv2][body] POST https://iam.googleapis.com/v1/projects/oneiro-11d15/serviceAccounts/oneiro-11d15@appspot.gserviceaccount.com:testIamPermissions {"permissions":["iam.serviceAccounts.actAs"]}
[info] 
[info] === Deploying to 'oneiro-11d15'...
[info] 
[info] i  deploying functions 
[info] Running command: npm --prefix "$RESOURCE_DIR" run build
[info] ✔  functions: Finished running predeploy script. 
[debug] [2026-03-02T08:18:45.121Z] Checked if tokens are valid: true, expires at: 1772441764993
[debug] [2026-03-02T08:18:45.121Z] Checked if tokens are valid: true, expires at: 1772441764993
[debug] [2026-03-02T08:18:45.121Z] >>> [apiv2][query] GET https://cloudresourcemanager.googleapis.com/v1/projects/oneiro-11d15 [none]
[debug] [2026-03-02T08:18:45.419Z] <<< [apiv2][status] GET https://cloudresourcemanager.googleapis.com/v1/projects/oneiro-11d15 200
[debug] [2026-03-02T08:18:45.419Z] <<< [apiv2][body] GET https://cloudresourcemanager.googleapis.com/v1/projects/oneiro-11d15 {"projectNumber":"530029734986","projectId":"oneiro-11d15","lifecycleState":"ACTIVE","name":"oneiro","labels":{"firebase":"enabled","firebase-core":"disabled"},"createTime":"2026-02-21T15:01:21.355941Z"}
[info] i  functions: preparing codebase default for deployment 
[info] i  functions: ensuring required API cloudfunctions.googleapis.com is enabled... 
[info] i  functions: ensuring required API cloudbuild.googleapis.com is enabled... 
[debug] [2026-03-02T08:18:45.422Z] Checked if tokens are valid: true, expires at: 1772441764993
[debug] [2026-03-02T08:18:45.422Z] Checked if tokens are valid: true, expires at: 1772441764993
[info] i  artifactregistry: ensuring required API artifactregistry.googleapis.com is enabled... 
[debug] [2026-03-02T08:18:45.423Z] Checked if tokens are valid: true, expires at: 1772441764993
[debug] [2026-03-02T08:18:45.423Z] Checked if tokens are valid: true, expires at: 1772441764993
[debug] [2026-03-02T08:18:45.423Z] >>> [apiv2][query] GET https://serviceusage.googleapis.com/v1/projects/oneiro-11d15/services/cloudbuild.googleapis.com [none]
[debug] [2026-03-02T08:18:45.423Z] >>> [apiv2][(partial)header] GET https://serviceusage.googleapis.com/v1/projects/oneiro-11d15/services/cloudbuild.googleapis.com x-goog-quota-user=projects/oneiro-11d15
[debug] [2026-03-02T08:18:45.426Z] >>> [apiv2][query] GET https://serviceusage.googleapis.com/v1/projects/oneiro-11d15/services/artifactregistry.googleapis.com [none]
[debug] [2026-03-02T08:18:45.426Z] >>> [apiv2][(partial)header] GET https://serviceusage.googleapis.com/v1/projects/oneiro-11d15/services/artifactregistry.googleapis.com x-goog-quota-user=projects/oneiro-11d15
[debug] [2026-03-02T08:18:46.544Z] <<< [apiv2][status] GET https://serviceusage.googleapis.com/v1/projects/oneiro-11d15/services/artifactregistry.googleapis.com 200
[debug] [2026-03-02T08:18:46.545Z] <<< [apiv2][body] GET https://serviceusage.googleapis.com/v1/projects/oneiro-11d15/services/artifactregistry.googleapis.com [omitted]
[warn] ⚠  artifactregistry: missing required API artifactregistry.googleapis.com. Enabling now... 
[debug] [2026-03-02T08:18:46.546Z] Checked if tokens are valid: true, expires at: 1772441764993
[debug] [2026-03-02T08:18:46.546Z] Checked if tokens are valid: true, expires at: 1772441764993
[debug] [2026-03-02T08:18:46.546Z] >>> [apiv2][query] POST https://serviceusage.googleapis.com/v1/projects/oneiro-11d15/services/artifactregistry.googleapis.com:enable [none]
[debug] [2026-03-02T08:18:46.547Z] >>> [apiv2][(partial)header] POST https://serviceusage.googleapis.com/v1/projects/oneiro-11d15/services/artifactregistry.googleapis.com:enable x-goog-quota-user=projects/oneiro-11d15
[debug] [2026-03-02T08:18:46.548Z] <<< [apiv2][status] GET https://serviceusage.googleapis.com/v1/projects/oneiro-11d15/services/cloudbuild.googleapis.com 200
[debug] [2026-03-02T08:18:46.548Z] <<< [apiv2][body] GET https://serviceusage.googleapis.com/v1/projects/oneiro-11d15/services/cloudbuild.googleapis.com [omitted]
[warn] ⚠  functions: missing required API cloudbuild.googleapis.com. Enabling now... 
[debug] [2026-03-02T08:18:46.549Z] Checked if tokens are valid: true, expires at: 1772441764993
[debug] [2026-03-02T08:18:46.549Z] Checked if tokens are valid: true, expires at: 1772441764993
[debug] [2026-03-02T08:18:46.549Z] >>> [apiv2][query] POST https://serviceusage.googleapis.com/v1/projects/oneiro-11d15/services/cloudbuild.googleapis.com:enable [none]
[debug] [2026-03-02T08:18:46.549Z] >>> [apiv2][(partial)header] POST https://serviceusage.googleapis.com/v1/projects/oneiro-11d15/services/cloudbuild.googleapis.com:enable x-goog-quota-user=projects/oneiro-11d15
[debug] [2026-03-02T08:18:47.225Z] <<< [apiv2][status] POST https://serviceusage.googleapis.com/v1/projects/oneiro-11d15/services/artifactregistry.googleapis.com:enable 200
[debug] [2026-03-02T08:18:47.225Z] <<< [apiv2][body] POST https://serviceusage.googleapis.com/v1/projects/oneiro-11d15/services/artifactregistry.googleapis.com:enable [omitted]
[debug] [2026-03-02T08:18:47.865Z] <<< [apiv2][status] POST https://serviceusage.googleapis.com/v1/projects/oneiro-11d15/services/cloudbuild.googleapis.com:enable 200
[debug] [2026-03-02T08:18:47.865Z] <<< [apiv2][body] POST https://serviceusage.googleapis.com/v1/projects/oneiro-11d15/services/cloudbuild.googleapis.com:enable [omitted]
[debug] [2026-03-02T08:18:57.876Z] Checked if tokens are valid: true, expires at: 1772441764993
[debug] [2026-03-02T08:18:57.876Z] Checked if tokens are valid: true, expires at: 1772441764993
[debug] [2026-03-02T08:18:57.877Z] >>> [apiv2][query] GET https://firebase.googleapis.com/v1beta1/projects/oneiro-11d15/adminSdkConfig [none]
[debug] [2026-03-02T08:18:58.293Z] <<< [apiv2][status] GET https://firebase.googleapis.com/v1beta1/projects/oneiro-11d15/adminSdkConfig 200
[debug] [2026-03-02T08:18:58.294Z] <<< [apiv2][body] GET https://firebase.googleapis.com/v1beta1/projects/oneiro-11d15/adminSdkConfig {"projectId":"oneiro-11d15","databaseURL":"https://oneiro-11d15-default-rtdb.firebaseio.com","storageBucket":"oneiro-11d15.firebasestorage.app"}
[debug] [2026-03-02T08:18:58.296Z] Validating nodejs source
[debug] [2026-03-02T08:18:58.952Z] > [functions] package.json contents: {
  "name": "functions",
  "scripts": {
    "build": "tsc",
    "build:watch": "tsc --watch",
    "serve": "npm run build && firebase emulators:start --only functions",
    "shell": "npm run build && firebase functions:shell",
    "start": "npm run shell",
    "deploy": "firebase deploy --only functions",
    "logs": "firebase functions:log"
  },
  "engines": {
    "node": "24"
  },
  "main": "lib/index.js",
  "dependencies": {
    "firebase-admin": "^13.6.0",
    "firebase-functions": "^7.0.0"
  },
  "devDependencies": {
    "typescript": "^5.7.3",
    "firebase-functions-test": "^3.4.1"
  },
  "private": true
}
[debug] [2026-03-02T08:18:58.952Z] Building nodejs source
[info] i  functions: Loading and analyzing source code for codebase default to determine what to deploy 
[debug] [2026-03-02T08:18:58.953Z] Could not find functions.yaml. Must use http discovery
[debug] [2026-03-02T08:18:58.957Z] Found firebase-functions binary at '/Users/dimab/Documents/oneiro-web/functions/node_modules/.bin/firebase-functions'
[info] Serving at port 8799

[debug] [2026-03-02T08:18:59.610Z] Got response from /__/functions.yaml {"endpoints":{"grantWelcomeCredits":{"platform":"gcfv1","availableMemoryMb":null,"timeoutSeconds":null,"minInstances":null,"maxInstances":null,"ingressSettings":null,"serviceAccountEmail":null,"vpc":null,"region":["europe-west1"],"eventTrigger":{"eventType":"providers/firebase.auth/eventTypes/user.create","eventFilters":{"resource":"projects/oneiro-11d15"},"retry":false},"labels":{},"entryPoint":"grantWelcomeCredits"}},"specVersion":"v1alpha1","requiredAPIs":[],"extensions":{}}
[info] i  extensions: ensuring required API firebaseextensions.googleapis.com is enabled... 
[debug] [2026-03-02T08:19:03.632Z] Checked if tokens are valid: true, expires at: 1772441764993
[debug] [2026-03-02T08:19:03.632Z] Checked if tokens are valid: true, expires at: 1772441764993
[debug] [2026-03-02T08:19:03.632Z] >>> [apiv2][query] GET https://serviceusage.googleapis.com/v1/projects/oneiro-11d15/services/firebaseextensions.googleapis.com [none]
[debug] [2026-03-02T08:19:03.632Z] >>> [apiv2][(partial)header] GET https://serviceusage.googleapis.com/v1/projects/oneiro-11d15/services/firebaseextensions.googleapis.com x-goog-quota-user=projects/oneiro-11d15
[debug] [2026-03-02T08:19:04.773Z] <<< [apiv2][status] GET https://serviceusage.googleapis.com/v1/projects/oneiro-11d15/services/firebaseextensions.googleapis.com 200
[debug] [2026-03-02T08:19:04.773Z] <<< [apiv2][body] GET https://serviceusage.googleapis.com/v1/projects/oneiro-11d15/services/firebaseextensions.googleapis.com [omitted]
[warn] ⚠  extensions: missing required API firebaseextensions.googleapis.com. Enabling now... 
[debug] [2026-03-02T08:19:04.774Z] Checked if tokens are valid: true, expires at: 1772441764993
[debug] [2026-03-02T08:19:04.774Z] Checked if tokens are valid: true, expires at: 1772441764993
[debug] [2026-03-02T08:19:04.774Z] >>> [apiv2][query] POST https://serviceusage.googleapis.com/v1/projects/oneiro-11d15/services/firebaseextensions.googleapis.com:enable [none]
[debug] [2026-03-02T08:19:04.774Z] >>> [apiv2][(partial)header] POST https://serviceusage.googleapis.com/v1/projects/oneiro-11d15/services/firebaseextensions.googleapis.com:enable x-goog-quota-user=projects/oneiro-11d15
[debug] [2026-03-02T08:19:05.988Z] <<< [apiv2][status] POST https://serviceusage.googleapis.com/v1/projects/oneiro-11d15/services/firebaseextensions.googleapis.com:enable 200
[debug] [2026-03-02T08:19:05.988Z] <<< [apiv2][body] POST https://serviceusage.googleapis.com/v1/projects/oneiro-11d15/services/firebaseextensions.googleapis.com:enable [omitted]
[debug] [2026-03-02T08:19:16.002Z] > command requires scopes: ["email","openid","https://www.googleapis.com/auth/cloudplatformprojects.readonly","https://www.googleapis.com/auth/firebase","https://www.googleapis.com/auth/cloud-platform"]
[debug] [2026-03-02T08:19:16.003Z] > authorizing via signed-in user (mityabv@gmail.com)
[debug] [2026-03-02T08:19:16.003Z] [iam] checking project oneiro-11d15 for permissions ["firebase.projects.get","firebaseextensions.instances.list"]
[debug] [2026-03-02T08:19:16.004Z] Checked if tokens are valid: true, expires at: 1772441764993
[debug] [2026-03-02T08:19:16.004Z] Checked if tokens are valid: true, expires at: 1772441764993
[debug] [2026-03-02T08:19:16.004Z] >>> [apiv2][query] POST https://cloudresourcemanager.googleapis.com/v1/projects/oneiro-11d15:testIamPermissions [none]
[debug] [2026-03-02T08:19:16.004Z] >>> [apiv2][(partial)header] POST https://cloudresourcemanager.googleapis.com/v1/projects/oneiro-11d15:testIamPermissions x-goog-quota-user=projects/oneiro-11d15
[debug] [2026-03-02T08:19:16.004Z] >>> [apiv2][body] POST https://cloudresourcemanager.googleapis.com/v1/projects/oneiro-11d15:testIamPermissions {"permissions":["firebase.projects.get","firebaseextensions.instances.list"]}
[debug] [2026-03-02T08:19:17.060Z] <<< [apiv2][status] POST https://cloudresourcemanager.googleapis.com/v1/projects/oneiro-11d15:testIamPermissions 200
[debug] [2026-03-02T08:19:17.061Z] <<< [apiv2][body] POST https://cloudresourcemanager.googleapis.com/v1/projects/oneiro-11d15:testIamPermissions {"permissions":["firebase.projects.get","firebaseextensions.instances.list"]}
[debug] [2026-03-02T08:19:17.062Z] Checked if tokens are valid: true, expires at: 1772441764993
[debug] [2026-03-02T08:19:17.062Z] Checked if tokens are valid: true, expires at: 1772441764993
[debug] [2026-03-02T08:19:17.063Z] >>> [apiv2][query] GET https://firebaseextensions.googleapis.com/v1beta/projects/oneiro-11d15/instances pageSize=100&pageToken=
[debug] [2026-03-02T08:19:19.260Z] <<< [apiv2][status] GET https://firebaseextensions.googleapis.com/v1beta/projects/oneiro-11d15/instances 200
[debug] [2026-03-02T08:19:19.261Z] <<< [apiv2][body] GET https://firebaseextensions.googleapis.com/v1beta/projects/oneiro-11d15/instances {}
[info] i  functions: preparing functions directory for uploading... 
[info] i  functions: packaged /Users/dimab/Documents/oneiro-web/functions (73.65 KB) for uploading 
[debug] [2026-03-02T08:19:19.310Z] Checked if tokens are valid: true, expires at: 1772441764993
[debug] [2026-03-02T08:19:19.310Z] Checked if tokens are valid: true, expires at: 1772441764993
[debug] [2026-03-02T08:19:19.310Z] >>> [apiv2][query] GET https://cloudfunctions.googleapis.com/v1/projects/oneiro-11d15/locations/-/functions [none]
[debug] [2026-03-02T08:19:20.133Z] <<< [apiv2][status] GET https://cloudfunctions.googleapis.com/v1/projects/oneiro-11d15/locations/-/functions 200
[debug] [2026-03-02T08:19:20.133Z] <<< [apiv2][body] GET https://cloudfunctions.googleapis.com/v1/projects/oneiro-11d15/locations/-/functions {}
[debug] [2026-03-02T08:19:20.134Z] Checked if tokens are valid: true, expires at: 1772441764993
[debug] [2026-03-02T08:19:20.134Z] Checked if tokens are valid: true, expires at: 1772441764993
[debug] [2026-03-02T08:19:20.134Z] >>> [apiv2][query] GET https://cloudfunctions.googleapis.com/v2/projects/oneiro-11d15/locations/-/functions filter=environment%3D%22GEN_2%22
[debug] [2026-03-02T08:19:21.153Z] <<< [apiv2][status] GET https://cloudfunctions.googleapis.com/v2/projects/oneiro-11d15/locations/-/functions 200
[debug] [2026-03-02T08:19:21.153Z] <<< [apiv2][body] GET https://cloudfunctions.googleapis.com/v2/projects/oneiro-11d15/locations/-/functions {}
[debug] [2026-03-02T08:19:21.161Z] Checked if tokens are valid: true, expires at: 1772441764993
[debug] [2026-03-02T08:19:21.161Z] Checked if tokens are valid: true, expires at: 1772441764993
[debug] [2026-03-02T08:19:21.162Z] >>> [apiv2][query] GET https://cloudresourcemanager.googleapis.com/v1/projects/oneiro-11d15 [none]
[debug] [2026-03-02T08:19:21.376Z] <<< [apiv2][status] GET https://cloudresourcemanager.googleapis.com/v1/projects/oneiro-11d15 200
[debug] [2026-03-02T08:19:21.376Z] <<< [apiv2][body] GET https://cloudresourcemanager.googleapis.com/v1/projects/oneiro-11d15 {"projectNumber":"530029734986","projectId":"oneiro-11d15","lifecycleState":"ACTIVE","name":"oneiro","labels":{"firebase":"enabled","firebase-core":"disabled"},"createTime":"2026-02-21T15:01:21.355941Z"}
[debug] [2026-03-02T08:19:21.377Z] Checked if tokens are valid: true, expires at: 1772441764993
[debug] [2026-03-02T08:19:21.377Z] Checked if tokens are valid: true, expires at: 1772441764993
[debug] [2026-03-02T08:19:21.377Z] >>> [apiv2][query] GET https://cloudbilling.googleapis.com/v1/projects/oneiro-11d15/billingInfo [none]
[debug] [2026-03-02T08:19:21.873Z] <<< [apiv2][status] GET https://cloudbilling.googleapis.com/v1/projects/oneiro-11d15/billingInfo 200
[debug] [2026-03-02T08:19:21.874Z] <<< [apiv2][body] GET https://cloudbilling.googleapis.com/v1/projects/oneiro-11d15/billingInfo {"name":"projects/oneiro-11d15/billingInfo","projectId":"oneiro-11d15","billingAccountName":"billingAccounts/01366E-5E83DD-3D551B","billingEnabled":true}
[debug] [2026-03-02T08:19:21.877Z] Checked if tokens are valid: true, expires at: 1772441764993
[debug] [2026-03-02T08:19:21.877Z] Checked if tokens are valid: true, expires at: 1772441764993
[debug] [2026-03-02T08:19:21.877Z] >>> [apiv2][query] POST https://cloudfunctions.googleapis.com/v1/projects/oneiro-11d15/locations/europe-west1/functions:generateUploadUrl [none]
[debug] [2026-03-02T08:19:21.878Z] >>> [apiv2][body] POST https://cloudfunctions.googleapis.com/v1/projects/oneiro-11d15/locations/europe-west1/functions:generateUploadUrl {}
[debug] [2026-03-02T08:19:46.548Z] <<< [apiv2][status] POST https://cloudfunctions.googleapis.com/v1/projects/oneiro-11d15/locations/europe-west1/functions:generateUploadUrl 200
[debug] [2026-03-02T08:19:46.549Z] <<< [apiv2][body] POST https://cloudfunctions.googleapis.com/v1/projects/oneiro-11d15/locations/europe-west1/functions:generateUploadUrl {"uploadUrl":"https://storage.googleapis.com/uploads-36023363836.europe-west1.cloudfunctions.appspot.com/58386160-1c1f-4897-beb6-c5730eb750e3.zip?GoogleAccessId=service-530029734986@gcf-admin-robot.iam.gserviceaccount.com&Expires=1772441386&Signature=nBRzE9Vn9wVkxaf9zBhDwRewNRcLExcE6FU5eWOsEcdRcyHpCiptb5TzRpg1okeuVicMapqon5jIB%2BrQW9UvnIPwMt4KbPvC5JI9HtveA3fBxeeLGKAW2eUu3eapWIfMi47oFhxw15wzMBNrK7x%2F%2B7iAgjT2XOqYQo4YZu1UOIT5Oiw0C4AuDqOy3l62i9LrRC5LU6BoLsQVPAjjIqJjhJZKHe4W6sFG9yzZVvhjd3g9JaB6uc53RgnAVCSfUZfolqzoqDl1XE6hL%2F2Zf4uhhCuGZjUUZwrQfsgMfU%2FDhd92jvmqf%2BDfJe3SvRyN%2FGWXeELRki0E%2BwAHMl8u3jP%2Fow%3D%3D"}
[debug] [2026-03-02T08:19:46.551Z] >>> [apiv2][query] PUT https://storage.googleapis.com/uploads-36023363836.europe-west1.cloudfunctions.appspot.com/58386160-1c1f-4897-beb6-c5730eb750e3.zip GoogleAccessId=service-530029734986%40gcf-admin-robot.iam.gserviceaccount.com&Expires=1772441386&Signature=nBRzE9Vn9wVkxaf9zBhDwRewNRcLExcE6FU5eWOsEcdRcyHpCiptb5TzRpg1okeuVicMapqon5jIB%2BrQW9UvnIPwMt4KbPvC5JI9HtveA3fBxeeLGKAW2eUu3eapWIfMi47oFhxw15wzMBNrK7x%2F%2B7iAgjT2XOqYQo4YZu1UOIT5Oiw0C4AuDqOy3l62i9LrRC5LU6BoLsQVPAjjIqJjhJZKHe4W6sFG9yzZVvhjd3g9JaB6uc53RgnAVCSfUZfolqzoqDl1XE6hL%2F2Zf4uhhCuGZjUUZwrQfsgMfU%2FDhd92jvmqf%2BDfJe3SvRyN%2FGWXeELRki0E%2BwAHMl8u3jP%2Fow%3D%3D
[debug] [2026-03-02T08:19:46.552Z] >>> [apiv2][body] PUT https://storage.googleapis.com/uploads-36023363836.europe-west1.cloudfunctions.appspot.com/58386160-1c1f-4897-beb6-c5730eb750e3.zip [stream]
[debug] [2026-03-02T08:19:47.527Z] <<< [apiv2][status] PUT https://storage.googleapis.com/uploads-36023363836.europe-west1.cloudfunctions.appspot.com/58386160-1c1f-4897-beb6-c5730eb750e3.zip 200
[debug] [2026-03-02T08:19:47.528Z] <<< [apiv2][body] PUT https://storage.googleapis.com/uploads-36023363836.europe-west1.cloudfunctions.appspot.com/58386160-1c1f-4897-beb6-c5730eb750e3.zip [omitted]
[info] ✔  functions: functions source uploaded successfully 
[info] i  functions: creating Node.js 24 (1st Gen) function grantWelcomeCredits(europe-west1)... 
[debug] [2026-03-02T08:19:47.535Z] Checked if tokens are valid: true, expires at: 1772441764993
[debug] [2026-03-02T08:19:47.535Z] Checked if tokens are valid: true, expires at: 1772441764993
[debug] [2026-03-02T08:19:47.535Z] >>> [apiv2][query] POST https://cloudfunctions.googleapis.com/v1/projects/oneiro-11d15/locations/europe-west1/functions [none]
[debug] [2026-03-02T08:19:47.535Z] >>> [apiv2][body] POST https://cloudfunctions.googleapis.com/v1/projects/oneiro-11d15/locations/europe-west1/functions {"name":"projects/oneiro-11d15/locations/europe-west1/functions/grantWelcomeCredits","sourceUploadUrl":"https://storage.googleapis.com/uploads-36023363836.europe-west1.cloudfunctions.appspot.com/58386160-1c1f-4897-beb6-c5730eb750e3.zip?GoogleAccessId=service-530029734986@gcf-admin-robot.iam.gserviceaccount.com&Expires=1772441386&Signature=nBRzE9Vn9wVkxaf9zBhDwRewNRcLExcE6FU5eWOsEcdRcyHpCiptb5TzRpg1okeuVicMapqon5jIB%2BrQW9UvnIPwMt4KbPvC5JI9HtveA3fBxeeLGKAW2eUu3eapWIfMi47oFhxw15wzMBNrK7x%2F%2B7iAgjT2XOqYQo4YZu1UOIT5Oiw0C4AuDqOy3l62i9LrRC5LU6BoLsQVPAjjIqJjhJZKHe4W6sFG9yzZVvhjd3g9JaB6uc53RgnAVCSfUZfolqzoqDl1XE6hL%2F2Zf4uhhCuGZjUUZwrQfsgMfU%2FDhd92jvmqf%2BDfJe3SvRyN%2FGWXeELRki0E%2BwAHMl8u3jP%2Fow%3D%3D","entryPoint":"grantWelcomeCredits","runtime":"nodejs24","dockerRegistry":"ARTIFACT_REGISTRY","labels":{"deployment-tool":"cli-firebase","firebase-functions-hash":"4718bffb517b92b9b6f7f61926fd830a8307a134"},"eventTrigger":{"eventType":"providers/firebase.auth/eventTypes/user.create","resource":"projects/oneiro-11d15"},"minInstances":null,"maxInstances":null,"ingressSettings":null,"environmentVariables":{"FIREBASE_CONFIG":"{\"projectId\":\"oneiro-11d15\",\"databaseURL\":\"https://oneiro-11d15-default-rtdb.firebaseio.com\",\"storageBucket\":\"oneiro-11d15.firebasestorage.app\"}","GCLOUD_PROJECT":"oneiro-11d15","EVENTARC_CLOUD_EVENT_SOURCE":"projects/oneiro-11d15/locations/europe-west1/functions/grantWelcomeCredits"},"serviceAccountEmail":null,"availableMemoryMb":null,"timeout":null,"vpcConnector":null,"vpcConnectorEgressSettings":null,"buildEnvironmentVariables":{"GOOGLE_NODE_RUN_SCRIPTS":""}}
[debug] [2026-03-02T08:19:47.882Z] <<< [apiv2][status] POST https://cloudfunctions.googleapis.com/v1/projects/oneiro-11d15/locations/europe-west1/functions 400
[debug] [2026-03-02T08:19:47.882Z] <<< [apiv2][body] POST https://cloudfunctions.googleapis.com/v1/projects/oneiro-11d15/locations/europe-west1/functions {"error":{"code":400,"message":"Failed to create 1st Gen function projects/oneiro-11d15/locations/europe-west1/functions/grantWelcomeCredits: runtime: Runtime validation errors: [error_code: \t INVALID_RUNTIME\nmessage: \"Runtime \\\"nodejs24\\\" is not supported on GCF Gen1\"\n]","status":"INVALID_ARGUMENT"}}
[warn] ⚠  functions: Runtime "nodejs24" is not supported on GCF Gen1 for function projects/oneiro-11d15/locations/europe-west1/functions/grantWelcomeCredits 
[warn] ⚠  functions: failed to create function projects/oneiro-11d15/locations/europe-west1/functions/grantWelcomeCredits 
[error] Failed to create function projects/oneiro-11d15/locations/europe-west1/functions/grantWelcomeCredits
[debug] [2026-03-02T08:19:47.886Z] Total Function Deployment time: 353
[debug] [2026-03-02T08:19:47.886Z] 1 Functions Deployed
[debug] [2026-03-02T08:19:47.886Z] 1 Functions Errored
[debug] [2026-03-02T08:19:47.886Z] 0 Function Deployments Aborted
[debug] [2026-03-02T08:19:47.888Z] Average Function Deployment time: 351
[info] 
[info] Functions deploy had errors with the following functions:
	grantWelcomeCredits(europe-west1)
[debug] [2026-03-02T08:19:47.889Z] Checked if tokens are valid: true, expires at: 1772441764993
[debug] [2026-03-02T08:19:47.889Z] Checked if tokens are valid: true, expires at: 1772441764993
[debug] [2026-03-02T08:19:47.890Z] >>> [apiv2][query] GET https://artifactregistry.googleapis.com/v1/projects/oneiro-11d15/locations/europe-west1/repositories/gcf-artifacts [none]
[debug] [2026-03-02T08:19:48.158Z] <<< [apiv2][status] GET https://artifactregistry.googleapis.com/v1/projects/oneiro-11d15/locations/europe-west1/repositories/gcf-artifacts 404
[debug] [2026-03-02T08:19:48.159Z] <<< [apiv2][body] GET https://artifactregistry.googleapis.com/v1/projects/oneiro-11d15/locations/europe-west1/repositories/gcf-artifacts {"error":{"code":404,"message":"Requested entity was not found.","status":"NOT_FOUND"}}
[debug] [2026-03-02T08:19:48.159Z] Failed to check artifact cleanup policy for region europe-west1: Request to https://artifactregistry.googleapis.com/v1/projects/oneiro-11d15/locations/europe-west1/repositories/gcf-artifacts had HTTP Error: 404, Requested entity was not found. {"name":"FirebaseError","children":[],"context":{"body":{"error":{"code":404,"message":"Requested entity was not found.","status":"NOT_FOUND"}},"response":{"statusCode":404}},"exit":1,"message":"Request to https://artifactregistry.googleapis.com/v1/projects/oneiro-11d15/locations/europe-west1/repositories/gcf-artifacts had HTTP Error: 404, Requested entity was not found.","status":404}
[debug] [2026-03-02T08:19:48.160Z] Functions deploy failed.
[debug] [2026-03-02T08:19:48.160Z] {
  "endpoint": {
    "id": "grantWelcomeCredits",
    "project": "oneiro-11d15",
    "region": "europe-west1",
    "entryPoint": "grantWelcomeCredits",
    "platform": "gcfv1",
    "runtime": "nodejs24",
    "eventTrigger": {
      "eventType": "providers/firebase.auth/eventTypes/user.create",
      "retry": false,
      "eventFilters": {
        "resource": "projects/oneiro-11d15"
      }
    },
    "labels": {
      "deployment-tool": "cli-firebase"
    },
    "serviceAccount": null,
    "ingressSettings": null,
    "availableMemoryMb": null,
    "timeoutSeconds": null,
    "maxInstances": null,
    "minInstances": null,
    "vpc": null,
    "environmentVariables": {
      "FIREBASE_CONFIG": "{\"projectId\":\"oneiro-11d15\",\"databaseURL\":\"https://oneiro-11d15-default-rtdb.firebaseio.com\",\"storageBucket\":\"oneiro-11d15.firebasestorage.app\"}",
      "GCLOUD_PROJECT": "oneiro-11d15",
      "EVENTARC_CLOUD_EVENT_SOURCE": "projects/oneiro-11d15/locations/europe-west1/functions/grantWelcomeCredits"
    },
    "codebase": "default",
    "targetedByOnly": false,
    "hash": "4718bffb517b92b9b6f7f61926fd830a8307a134"
  },
  "op": "create",
  "original": {
    "name": "FirebaseError",
    "children": [],
    "context": {
      "function": "projects/oneiro-11d15/locations/europe-west1/functions/grantWelcomeCredits"
    },
    "exit": 1,
    "message": "Failed to create function projects/oneiro-11d15/locations/europe-west1/functions/grantWelcomeCredits",
    "original": {
      "name": "FirebaseError",
      "children": [],
      "context": {
        "body": {
          "error": {
            "code": 400,
            "message": "Failed to create 1st Gen function projects/oneiro-11d15/locations/europe-west1/functions/grantWelcomeCredits: runtime: Runtime validation errors: [error_code: \t INVALID_RUNTIME\nmessage: \"Runtime \\\"nodejs24\\\" is not supported on GCF Gen1\"\n]",
            "status": "INVALID_ARGUMENT"
          }
        },
        "response": {
          "statusCode": 400
        }
      },
      "exit": 1,
      "message": "Request to https://cloudfunctions.googleapis.com/v1/projects/oneiro-11d15/locations/europe-west1/functions had HTTP Error: 400, Failed to create 1st Gen function projects/oneiro-11d15/locations/europe-west1/functions/grantWelcomeCredits: runtime: Runtime validation errors: [error_code: \t INVALID_RUNTIME\nmessage: \"Runtime \\\"nodejs24\\\" is not supported on GCF Gen1\"\n]",
      "status": 400
    },
    "status": 400,
    "code": 400
  }
}
[debug] [2026-03-02T08:19:48.162Z] Error: Failed to create function grantWelcomeCredits in region europe-west1
    at /Users/dimab/.nvm/versions/node/v20.19.6/lib/node_modules/firebase-tools/lib/deploy/functions/release/fabricator.js:52:11
    at process.processTicksAndRejections (node:internal/process/task_queues:95:5)
    at async Fabricator.createV1Function (/Users/dimab/.nvm/versions/node/v20.19.6/lib/node_modules/firebase-tools/lib/deploy/functions/release/fabricator.js:194:32)
    at async Fabricator.createEndpoint (/Users/dimab/.nvm/versions/node/v20.19.6/lib/node_modules/firebase-tools/lib/deploy/functions/release/fabricator.js:134:13)
    at async handle (/Users/dimab/.nvm/versions/node/v20.19.6/lib/node_modules/firebase-tools/lib/deploy/functions/release/fabricator.js:89:17)
[error] 
[error] Error: There was an error deploying functions
